<?xml version="1.0" encoding="UTF-8"?>
<testng-results skipped="0" failed="0" ignored="0" total="1" passed="1">
  <reporter-output>
  </reporter-output>
  <suite name="Default suite" duration-ms="10907" started-at="2022-06-29T17:07:10Z" finished-at="2022-06-29T17:07:21Z">
    <groups>
    </groups>
    <test name="Default test" duration-ms="10907" started-at="2022-06-29T17:07:10Z" finished-at="2022-06-29T17:07:21Z">
      <class name="com.tests.LoginTest">
        <test-method status="PASS" signature="loginTest()[pri:0, instance:com.tests.LoginTest@45b9a632]" name="loginTest" duration-ms="10845" started-at="2022-06-29T17:07:10Z" finished-at="2022-06-29T17:07:21Z">
          <reporter-output>
          </reporter-output>
        </test-method> <!-- loginTest -->
      </class> <!-- com.tests.LoginTest -->
    </test> <!-- Default test -->
  </suite> <!-- Default suite -->
</testng-results>
